<?xml version="1.0" encoding="UTF-8"?>
<testng-results skipped="0" failed="0" total="1" passed="1">
  <reporter-output>
  </reporter-output>
  <suite name="Suite 1" duration-ms="22308" started-at="2020-11-24T14:19:12Z" finished-at="2020-11-24T14:19:34Z">
    <groups>
    </groups>
    <test name="Profile Module" duration-ms="22308" started-at="2020-11-24T14:19:12Z" finished-at="2020-11-24T14:19:34Z">
      <class name="com.plumb5.myprofile.testcases.TC_16_Profile_Channel_Credits">
        <test-method status="PASS" signature="classInstitiate()[pri:0, instance:com.plumb5.myprofile.testcases.TC_16_Profile_Channel_Credits@7f560810]" name="classInstitiate" is-config="true" duration-ms="23" started-at="2020-11-24T19:49:12Z" finished-at="2020-11-24T19:49:12Z">
          <reporter-output>
          </reporter-output>
        </test-method> <!-- classInstitiate -->
        <test-method status="PASS" signature="setUp(java.lang.String)[pri:0, instance:com.plumb5.myprofile.testcases.TC_16_Profile_Channel_Credits@7f560810]" name="setUp" is-config="true" duration-ms="9618" started-at="2020-11-24T19:49:12Z" finished-at="2020-11-24T19:49:21Z">
          <params>
            <param index="0">
              <value>
                <![CDATA[chrome]]>
              </value>
            </param>
          </params>
          <reporter-output>
          </reporter-output>
        </test-method> <!-- setUp -->
        <test-method status="PASS" signature="Create_Group()[pri:0, instance:com.plumb5.myprofile.testcases.TC_16_Profile_Channel_Credits@7f560810]" name="Create_Group" duration-ms="12254" started-at="2020-11-24T19:49:21Z" finished-at="2020-11-24T19:49:33Z">
          <reporter-output>
          </reporter-output>
        </test-method> <!-- Create_Group -->
        <test-method status="PASS" signature="checkResult(org.testng.ITestResult)[pri:0, instance:com.plumb5.myprofile.testcases.TC_16_Profile_Channel_Credits@7f560810]" name="checkResult" is-config="true" duration-ms="5" started-at="2020-11-24T19:49:33Z" finished-at="2020-11-24T19:49:33Z">
          <params>
            <param index="0">
              <value>
                <![CDATA[[TestResult name=Create_Group status=SUCCESS method=TC_16_Profile_Channel_Credits.Create_Group()[pri:0, instance:com.plumb5.myprofile.testcases.TC_16_Profile_Channel_Credits@7f560810] output={null}]]]>
              </value>
            </param>
          </params>
          <reporter-output>
          </reporter-output>
        </test-method> <!-- checkResult -->
        <test-method status="PASS" signature="tearDown()[pri:0, instance:com.plumb5.myprofile.testcases.TC_16_Profile_Channel_Credits@7f560810]" name="tearDown" is-config="true" duration-ms="407" started-at="2020-11-24T19:49:33Z" finished-at="2020-11-24T19:49:34Z">
          <reporter-output>
          </reporter-output>
        </test-method> <!-- tearDown -->
      </class> <!-- com.plumb5.myprofile.testcases.TC_16_Profile_Channel_Credits -->
    </test> <!-- Profile Module -->
  </suite> <!-- Suite 1 -->
</testng-results>
